8/29/2021,6:36:41 PM,PPS_28days_50C,,60101,Log File Created
8/29/2021,6:36:41 PM,PPS_28days_50C,,60104,Software Version,1.6.332.0
8/29/2021,6:36:41 PM,PPS_28days_50C,,60105,Console Version,8.4.244
8/29/2021,6:36:41 PM,PPS_28days_50C,,60106,Controller Version,88.081600
8/29/2021,6:36:41 PM,PPS_28days_50C,,60107,User Name,Polymer Consulting
8/29/2021,6:36:41 PM,PPS_28days_50C,,60108,Computer Name,E1000L2235
8/29/2021,6:36:41 PM,PPS_28days_50C,,60109,System Name,
8/29/2021,6:36:41 PM,PPS_28days_50C,,60110,Frame Serial Number (System ID),DAN_RAYNOR@INSTRON.COM
8/29/2021,6:50:13 PM,PPS_28days_50C,Test1,60110,Test Started
8/29/2021,6:50:18 PM,PPS_28days_50C,Test1,60200,Test Status,Test Ended Normally
8/29/2021,6:50:18 PM,PPS_28days_50C,Test1,60120,Total Time,4.47
8/29/2021,6:50:18 PM,PPS_28days_50C,Test1,60121,Total Cycle Count(ElectroPuls Waveform),0
8/29/2021,6:50:18 PM,PPS_28days_50C,Test1,60112,Test Finished
8/29/2021,6:54:38 PM,PPS_28days_50C,Test2,60110,Test Started
8/29/2021,6:54:44 PM,PPS_28days_50C,Test2,60200,Test Status,Test Ended Normally
8/29/2021,6:54:44 PM,PPS_28days_50C,Test2,60120,Total Time,5.17
8/29/2021,6:54:44 PM,PPS_28days_50C,Test2,60121,Total Cycle Count(ElectroPuls Waveform),0
8/29/2021,6:54:44 PM,PPS_28days_50C,Test2,60112,Test Finished
8/29/2021,6:59:20 PM,PPS_28days_50C,Test3,60110,Test Started
8/29/2021,6:59:33 PM,PPS_28days_50C,Test3,60203,Test Status,Test Paused by User
8/29/2021,6:59:33 PM,PPS_28days_50C,Test3,60120,Total Time,12.49
8/29/2021,6:59:33 PM,PPS_28days_50C,Test3,60121,Total Cycle Count(ElectroPuls Waveform),0
8/29/2021,6:59:33 PM,PPS_28days_50C,Test3,60122,Step,2,Step 2
8/29/2021,6:59:33 PM,PPS_28days_50C,Test3,60111,Test Paused
8/29/2021,7:00:19 PM,PPS_28days_50C,Test3,60112,Test Finished
8/29/2021,7:01:04 PM,PPS_28days_50C,Test4,60110,Test Started
8/29/2021,7:01:10 PM,PPS_28days_50C,Test4,60200,Test Status,Test Ended Normally
8/29/2021,7:01:10 PM,PPS_28days_50C,Test4,60120,Total Time,5
8/29/2021,7:01:10 PM,PPS_28days_50C,Test4,60121,Total Cycle Count(ElectroPuls Waveform),0
8/29/2021,7:01:10 PM,PPS_28days_50C,Test4,60112,Test Finished
8/29/2021,7:07:39 PM,PPS_28days_50C,Test5,60110,Test Started
8/29/2021,7:07:46 PM,PPS_28days_50C,Test5,60200,Test Status,Test Ended Normally
8/29/2021,7:07:46 PM,PPS_28days_50C,Test5,60120,Total Time,6.14
8/29/2021,7:07:46 PM,PPS_28days_50C,Test5,60121,Total Cycle Count(ElectroPuls Waveform),0
8/29/2021,7:07:46 PM,PPS_28days_50C,Test5,60112,Test Finished
8/29/2021,7:11:46 PM,PPS_28days_50C,Test6,60110,Test Started
8/29/2021,7:11:56 PM,PPS_28days_50C,Test6,60205,Test Status,Test Ended by User
8/29/2021,7:11:56 PM,PPS_28days_50C,Test6,60120,Total Time,9.02
8/29/2021,7:11:56 PM,PPS_28days_50C,Test6,60121,Total Cycle Count(ElectroPuls Waveform),0
8/29/2021,7:11:56 PM,PPS_28days_50C,Test6,60122,Step,2,Step 2
8/29/2021,7:11:56 PM,PPS_28days_50C,Test6,60112,Test Finished
8/29/2021,7:13:19 PM,PPS_28days_50C,Test7,60103,Closed
