8/29/2021,7:13:43 PM,PPS_28days_70C,,60101,Log File Created
8/29/2021,7:13:43 PM,PPS_28days_70C,,60104,Software Version,1.6.332.0
8/29/2021,7:13:43 PM,PPS_28days_70C,,60105,Console Version,8.4.244
8/29/2021,7:13:43 PM,PPS_28days_70C,,60106,Controller Version,88.081600
8/29/2021,7:13:43 PM,PPS_28days_70C,,60107,User Name,Polymer Consulting
8/29/2021,7:13:43 PM,PPS_28days_70C,,60108,Computer Name,E1000L2235
8/29/2021,7:13:43 PM,PPS_28days_70C,,60109,System Name,
8/29/2021,7:13:43 PM,PPS_28days_70C,,60110,Frame Serial Number (System ID),DAN_RAYNOR@INSTRON.COM
8/29/2021,7:17:06 PM,PPS_28days_70C,Test1,60110,Test Started
8/29/2021,7:17:11 PM,PPS_28days_70C,Test1,60200,Test Status,Test Ended Normally
8/29/2021,7:17:11 PM,PPS_28days_70C,Test1,60120,Total Time,4.71
8/29/2021,7:17:11 PM,PPS_28days_70C,Test1,60121,Total Cycle Count(ElectroPuls Waveform),0
8/29/2021,7:17:11 PM,PPS_28days_70C,Test1,60112,Test Finished
8/29/2021,7:20:10 PM,PPS_28days_70C,Test2,60110,Test Started
8/29/2021,7:20:15 PM,PPS_28days_70C,Test2,60200,Test Status,Test Ended Normally
8/29/2021,7:20:15 PM,PPS_28days_70C,Test2,60120,Total Time,4.89
8/29/2021,7:20:15 PM,PPS_28days_70C,Test2,60121,Total Cycle Count(ElectroPuls Waveform),0
8/29/2021,7:20:15 PM,PPS_28days_70C,Test2,60112,Test Finished
8/29/2021,7:21:28 PM,PPS_28days_70C,Test3,60110,Test Started
8/29/2021,7:21:32 PM,PPS_28days_70C,Test3,60200,Test Status,Test Ended Normally
8/29/2021,7:21:32 PM,PPS_28days_70C,Test3,60120,Total Time,3.7
8/29/2021,7:21:32 PM,PPS_28days_70C,Test3,60121,Total Cycle Count(ElectroPuls Waveform),0
8/29/2021,7:21:32 PM,PPS_28days_70C,Test3,60112,Test Finished
8/29/2021,7:25:30 PM,PPS_28days_70C,Test4,60110,Test Started
8/29/2021,7:25:36 PM,PPS_28days_70C,Test4,60200,Test Status,Test Ended Normally
8/29/2021,7:25:36 PM,PPS_28days_70C,Test4,60120,Total Time,4.94
8/29/2021,7:25:36 PM,PPS_28days_70C,Test4,60121,Total Cycle Count(ElectroPuls Waveform),0
8/29/2021,7:25:36 PM,PPS_28days_70C,Test4,60112,Test Finished
8/29/2021,7:29:29 PM,PPS_28days_70C,Test5,60110,Test Started
8/29/2021,7:29:35 PM,PPS_28days_70C,Test5,60200,Test Status,Test Ended Normally
8/29/2021,7:29:35 PM,PPS_28days_70C,Test5,60120,Total Time,5.35
8/29/2021,7:29:35 PM,PPS_28days_70C,Test5,60121,Total Cycle Count(ElectroPuls Waveform),0
8/29/2021,7:29:35 PM,PPS_28days_70C,Test5,60112,Test Finished
8/29/2021,7:30:52 PM,PPS_28days_70C,Test6,60110,Test Started
8/29/2021,7:30:57 PM,PPS_28days_70C,Test6,60200,Test Status,Test Ended Normally
8/29/2021,7:30:57 PM,PPS_28days_70C,Test6,60120,Total Time,4.51
8/29/2021,7:30:57 PM,PPS_28days_70C,Test6,60121,Total Cycle Count(ElectroPuls Waveform),0
8/29/2021,7:30:57 PM,PPS_28days_70C,Test6,60112,Test Finished
8/29/2021,7:35:41 PM,PPS_28days_70C,Test7,60110,Test Started
8/29/2021,7:35:46 PM,PPS_28days_70C,Test7,60200,Test Status,Test Ended Normally
8/29/2021,7:35:46 PM,PPS_28days_70C,Test7,60120,Total Time,4.91
8/29/2021,7:35:46 PM,PPS_28days_70C,Test7,60121,Total Cycle Count(ElectroPuls Waveform),0
8/29/2021,7:35:46 PM,PPS_28days_70C,Test7,60112,Test Finished
8/29/2021,7:40:05 PM,PPS_28days_70C,Test8,60103,Closed
